Starting a Gradle Daemon, 7 stopped Daemons could not be reused, use --status for details
> Task :clean UP-TO-DATE
> Task :checkKotlinGradlePluginConfigurationErrors SKIPPED
> Task :processResources
> Task :processTestResources NO-SOURCE

> Task :compileKotlin FAILED
e: file:///C:/Users/fredr/Documents/PROG2007-MobileProgramming/NoteApp/backend/NoteAppAPI/src/main/kotlin/org/example/noteappapi/config/FirebaseConfig.kt:14:7 Redeclaration:
class FirebaseConfig : Any
class FirebaseConfig : Any
e: file:///C:/Users/fredr/Documents/PROG2007-MobileProgramming/NoteApp/backend/NoteAppAPI/src/main/kotlin/org/example/noteappapi/config/SecurityConfig.kt:14:7 Redeclaration:
class SecurityConfig : Any
class SecurityConfig : Any

FAILURE: Build failed with an exception.

* What went wrong:
Execution failed for task ':compileKotlin'.
> A failure occurred while executing org.jetbrains.kotlin.compilerRunner.GradleCompilerRunnerWithWorkers$GradleKotlinCompilerWorkAction
   > Compilation error. See log for more details

* Try:
> Run with --stacktrace option to get the stack trace.
> Run with --info or --debug option to get more log output.
> Run with --scan to get full insights.
> Get more help at https://help.gradle.org.

BUILD FAILED in 17s
3 actionable tasks: 2 executed, 1 up-to-date
